This is pdfTeX, Version 3.141592653-2.6-1.40.22 (TeX Live 2021) (preloaded format=pdflatex 2021.5.23)  3 SEP 2021 15:01
entering extended mode
 restricted \write18 enabled.
 file:line:error style messages enabled.
 %&-line parsing enabled.
**/Users/charleshiggins/PhD/WorkingFile/LASearch/Documents/Narrative/Narrative_v1.tex
(/Users/charleshiggins/PhD/WorkingFile/LASearch/Documents/Narrative/Narrative_v1.tex
LaTeX2e <2020-10-01> patch level 4
L3 programming layer <2021-02-18> (/usr/local/texlive/2021/texmf-dist/tex/latex/base/article.cls
Document Class: article 2020/04/10 v1.4m Standard LaTeX document class
(/usr/local/texlive/2021/texmf-dist/tex/latex/base/size10.clo
File: size10.clo 2020/04/10 v1.4m Standard LaTeX file (size option)
)
\c@part=\count179
\c@section=\count180
\c@subsection=\count181
\c@subsubsection=\count182
\c@paragraph=\count183
\c@subparagraph=\count184
\c@figure=\count185
\c@table=\count186
\abovecaptionskip=\skip47
\belowcaptionskip=\skip48
\bibindent=\dimen138
) (/usr/local/texlive/2021/texmf-dist/tex/latex/base/inputenc.sty
Package: inputenc 2020/08/01 v1.3d Input encoding file
\inpenc@prehook=\toks15
\inpenc@posthook=\toks16
) (/usr/local/texlive/2021/texmf-dist/tex/latex/a4wide/a4wide.sty
Package: a4wide 1994/08/30
 (/usr/local/texlive/2021/texmf-dist/tex/latex/ntgclass/a4.sty
Package: a4 2020/02/18 v1.2g A4 based page layout
)) (/usr/local/texlive/2021/texmf-dist/tex/latex/l3backend/l3backend-pdftex.def
File: l3backend-pdftex.def 2021-03-18 L3 backend support: PDF output (pdfTeX)
\l__color_backend_stack_int=\count187
\l__pdf_internal_box=\box47
) (/Users/charleshiggins/PhD/WorkingFile/LASearch/Documents/Narrative/Narrative_v1.aux)
\openout1 = `Narrative_v1.aux'.

LaTeX Font Info:    Checking defaults for OML/cmm/m/it on input line 4.
LaTeX Font Info:    ... okay on input line 4.
LaTeX Font Info:    Checking defaults for OMS/cmsy/m/n on input line 4.
LaTeX Font Info:    ... okay on input line 4.
LaTeX Font Info:    Checking defaults for OT1/cmr/m/n on input line 4.
LaTeX Font Info:    ... okay on input line 4.
LaTeX Font Info:    Checking defaults for T1/cmr/m/n on input line 4.
LaTeX Font Info:    ... okay on input line 4.
LaTeX Font Info:    Checking defaults for TS1/cmr/m/n on input line 4.
LaTeX Font Info:    ... okay on input line 4.
LaTeX Font Info:    Checking defaults for OMX/cmex/m/n on input line 4.
LaTeX Font Info:    ... okay on input line 4.
LaTeX Font Info:    Checking defaults for U/cmr/m/n on input line 4.
LaTeX Font Info:    ... okay on input line 4.
LaTeX Font Info:    External font `cmex10' loaded for size
(Font)              <12> on input line 8.
LaTeX Font Info:    External font `cmex10' loaded for size
(Font)              <8> on input line 8.
LaTeX Font Info:    External font `cmex10' loaded for size
(Font)              <6> on input line 8.
 (/Users/charleshiggins/PhD/WorkingFile/LASearch/Documents/Narrative/Sections/General_Context.tex

LaTeX Warning: Citation `Albrecht_stone_2019' on page 1 undefined on input line 16.

/Users/charleshiggins/PhD/WorkingFile/LASearch/Documents/Narrative/Sections/General_Context.tex:20: Missing $ inserted.
<inserted text> 
                $
l.20 ... paper is structured as follows: Section _
                                                  _ introduces the backgroun...
I've inserted a begin-math/end-math symbol since I think
you left one out. Proceed, with fingers crossed.

LaTeX Font Info:    External font `cmex10' loaded for size
(Font)              <7> on input line 20.
LaTeX Font Info:    External font `cmex10' loaded for size
(Font)              <5> on input line 20.
/Users/charleshiggins/PhD/WorkingFile/LASearch/Documents/Narrative/Sections/General_Context.tex:20: Missing { inserted.
<to be read again> 
                   _
l.20 ...paper is structured as follows: Section __
                                                   introduces the background...
A left brace was mandatory here, so I've put one in.
You might want to delete and/or insert some corrections
so that I will find a matching right brace soon.
(If you're confused by all this, try typing `I}' now.)

/Users/charleshiggins/PhD/WorkingFile/LASearch/Documents/Narrative/Sections/General_Context.tex:21: Missing { inserted.
<to be read again> 
                   _
l.21 Section __
                formalises the environment
A left brace was mandatory here, so I've put one in.
You might want to delete and/or insert some corrections
so that I will find a matching right brace soon.
(If you're confused by all this, try typing `I}' now.)

/Users/charleshiggins/PhD/WorkingFile/LASearch/Documents/Narrative/Sections/General_Context.tex:22: Missing { inserted.
<to be read again> 
                   _
l.22 Section __
                introduces our contribution
A left brace was mandatory here, so I've put one in.
You might want to delete and/or insert some corrections
so that I will find a matching right brace soon.
(If you're confused by all this, try typing `I}' now.)

/Users/charleshiggins/PhD/WorkingFile/LASearch/Documents/Narrative/Sections/General_Context.tex:23: Missing { inserted.
<to be read again> 
                   _
l.23 Section __
                briefly describes the simulation environment used to extract...
A left brace was mandatory here, so I've put one in.
You might want to delete and/or insert some corrections
so that I will find a matching right brace soon.
(If you're confused by all this, try typing `I}' now.)

/Users/charleshiggins/PhD/WorkingFile/LASearch/Documents/Narrative/Sections/General_Context.tex:24: Missing { inserted.
<to be read again> 
                   _
l.24 Section __
                lists the upcoming experiments and expected results,
A left brace was mandatory here, so I've put one in.
You might want to delete and/or insert some corrections
so that I will find a matching right brace soon.
(If you're confused by all this, try typing `I}' now.)

/Users/charleshiggins/PhD/WorkingFile/LASearch/Documents/Narrative/Sections/General_Context.tex:25: Missing { inserted.
<to be read again> 
                   _
l.25 Section __
                concludes.
A left brace was mandatory here, so I've put one in.
You might want to delete and/or insert some corrections
so that I will find a matching right brace soon.
(If you're confused by all this, try typing `I}' now.)

) (/Users/charleshiggins/PhD/WorkingFile/LASearch/Documents/Narrative/Sections/The_literature.tex
/Users/charleshiggins/PhD/WorkingFile/LASearch/Documents/Narrative/Sections/The_literature.tex:1: Missing $ inserted.
<inserted text> 
                $
l.1 \section
            {Background}
I've inserted a begin-math/end-math symbol since I think
you left one out. Proceed, with fingers crossed.

/Users/charleshiggins/PhD/WorkingFile/LASearch/Documents/Narrative/Sections/The_literature.tex:1: Missing } inserted.
<inserted text> 
                }
l.1 \section
            {Background}
I've inserted something that you may have forgotten.
(See the <inserted text> above.)
With luck, this will get me unwedged. But if you
really didn't forget anything, try typing `2' now; then
my insertion and my current dilemma will both disappear.

/Users/charleshiggins/PhD/WorkingFile/LASearch/Documents/Narrative/Sections/The_literature.tex:1: Missing } inserted.
<inserted text> 
                }
l.1 \section
            {Background}
I've inserted something that you may have forgotten.
(See the <inserted text> above.)
With luck, this will get me unwedged. But if you
really didn't forget anything, try typing `2' now; then
my insertion and my current dilemma will both disappear.

/Users/charleshiggins/PhD/WorkingFile/LASearch/Documents/Narrative/Sections/The_literature.tex:1: Missing } inserted.
<inserted text> 
                }
l.1 \section
            {Background}
I've inserted something that you may have forgotten.
(See the <inserted text> above.)
With luck, this will get me unwedged. But if you
really didn't forget anything, try typing `2' now; then
my insertion and my current dilemma will both disappear.

/Users/charleshiggins/PhD/WorkingFile/LASearch/Documents/Narrative/Sections/The_literature.tex:1: Missing } inserted.
<inserted text> 
                }
l.1 \section
            {Background}
I've inserted something that you may have forgotten.
(See the <inserted text> above.)
With luck, this will get me unwedged. But if you
really didn't forget anything, try typing `2' now; then
my insertion and my current dilemma will both disappear.

/Users/charleshiggins/PhD/WorkingFile/LASearch/Documents/Narrative/Sections/The_literature.tex:1: Missing } inserted.
<inserted text> 
                }
l.1 \section
            {Background}
I've inserted something that you may have forgotten.
(See the <inserted text> above.)
With luck, this will get me unwedged. But if you
really didn't forget anything, try typing `2' now; then
my insertion and my current dilemma will both disappear.

/Users/charleshiggins/PhD/WorkingFile/LASearch/Documents/Narrative/Sections/The_literature.tex:1: Missing } inserted.
<inserted text> 
                }
l.1 \section
            {Background}
I've inserted something that you may have forgotten.
(See the <inserted text> above.)
With luck, this will get me unwedged. But if you
really didn't forget anything, try typing `2' now; then
my insertion and my current dilemma will both disappear.


Underfull \hbox (badness 10000) in paragraph at lines 10--1

 []


Underfull \hbox (badness 10000) in paragraph at lines 10--1

 []


Underfull \hbox (badness 10000) in paragraph at lines 10--1

 []


Underfull \hbox (badness 10000) in paragraph at lines 10--1

 []


Underfull \hbox (badness 10000) in paragraph at lines 10--1

 []


Overfull \hbox (1120.78555pt too wide) in paragraph at lines 10--1
\OT1/cmr/m/n/10 The re-main-der of this pa-per is struc-tured as fol-lows: Sec-tion $[]$ 
 []

[1

{/usr/local/texlive/2021/texmf-var/fonts/map/pdftex/updmap/pdftex.map}]

LaTeX Warning: Citation `AlphaGo' on page 2 undefined on input line 5.


LaTeX Warning: Citation `Brown2020' on page 2 undefined on input line 5.


LaTeX Warning: Citation `Lerer2019' on page 2 undefined on input line 5.


LaTeX Warning: Citation `AlphaGo' on page 2 undefined on input line 18.


LaTeX Warning: Citation `Brown2020' on page 2 undefined on input line 18.


Underfull \hbox (badness 10000) in paragraph at lines 5--21

 []


Underfull \hbox (badness 10000) in paragraph at lines 5--21

 []


Underfull \hbox (badness 10000) in paragraph at lines 5--21

 []


Underfull \hbox (badness 10000) in paragraph at lines 5--21

 []


Underfull \hbox (badness 10000) in paragraph at lines 5--21

 []


Underfull \hbox (badness 10000) in paragraph at lines 5--21

 []


Underfull \hbox (badness 10000) in paragraph at lines 5--21

 []

[2]

LaTeX Warning: Citation `Ross2011' on page 3 undefined on input line 30.


LaTeX Warning: Reference `RL + Search' on page 3 undefined on input line 32.


Underfull \hbox (badness 10000) in paragraph at lines 27--33

 []


Underfull \hbox (badness 10000) in paragraph at lines 27--33

 []


Overfull \hbox (5.77568pt too wide) in paragraph at lines 27--33
\OT1/cmr/m/n/10 This ap-proach, typ-i-cally when paired with a strong heuris-tic and an ac-cu-rate tran-si-tion/environment
 []


LaTeX Warning: Citation `Silver2010' on page 3 undefined on input line 41.


Underfull \hbox (badness 10000) in paragraph at lines 36--46

 []


Underfull \hbox (badness 10000) in paragraph at lines 36--46

 []


Underfull \hbox (badness 10000) in paragraph at lines 36--46

 []

[3]

LaTeX Warning: Citation `Katt2017' on page 4 undefined on input line 53.


LaTeX Warning: Citation `Hayashi_et_al2020' on page 4 undefined on input line 55.


LaTeX Warning: Citation `Papoudakis2020' on page 4 undefined on input line 55.


LaTeX Warning: Citation `Barrett2015' on page 4 undefined on input line 55.


Underfull \hbox (badness 10000) in paragraph at lines 48--56

 []


Underfull \hbox (badness 10000) in paragraph at lines 48--56

 []


Underfull \hbox (badness 10000) in paragraph at lines 48--56

 []


LaTeX Warning: Citation `Fischer2020' on page 4 undefined on input line 58.

[4]

LaTeX Warning: Citation `Hayashi_et_al2020' on page 5 undefined on input line 63.


LaTeX Warning: Citation `Albrecht_stone_2019' on page 5 undefined on input line 63.

) (/Users/charleshiggins/PhD/WorkingFile/LASearch/Documents/Narrative/Sections/Environments.tex
Underfull \hbox (badness 10000) in paragraph at lines 61--1

 []


Underfull \hbox (badness 10000) in paragraph at lines 61--1

 []


Underfull \hbox (badness 10000) in paragraph at lines 2--8

 []


Underfull \hbox (badness 10000) in paragraph at lines 2--8

 []

[5]

LaTeX Warning: Citation `Albrecht2019' on page 6 undefined on input line 9.


LaTeX Warning: Citation `Barrett2015' on page 6 undefined on input line 9.


LaTeX Warning: Citation `Hayashi_et_al2020' on page 6 undefined on input line 9.


LaTeX Warning: Citation `Papoudakis2020' on page 6 undefined on input line 9.


LaTeX Warning: Citation `Barrett2015' on page 6 undefined on input line 13.


Underfull \hbox (badness 10000) in paragraph at lines 13--15

 []


LaTeX Warning: Citation `Albrecht_stone_2019' on page 6 undefined on input line 15.


Underfull \hbox (badness 10000) in paragraph at lines 15--17

 []


LaTeX Warning: Citation `Hayashi_et_al2020' on page 6 undefined on input line 17.


Underfull \hbox (badness 10000) in paragraph at lines 17--19

 []

) (/Users/charleshiggins/PhD/WorkingFile/LASearch/Documents/Narrative/Sections/Shortcomings.tex
Underfull \hbox (badness 10000) in paragraph at lines 3--8

 []

[6]

LaTeX Warning: Citation `Hayashi_et_al2020' on page 7 undefined on input line 10.


LaTeX Warning: Citation `ALBRECHT201866' on page 7 undefined on input line 13.


LaTeX Warning: Citation `Hernandez-Leal_MAL_Survey' on page 7 undefined on input line 13.

) (/Users/charleshiggins/PhD/WorkingFile/LASearch/Documents/Narrative/Sections/Proposal.tex
Underfull \hbox (badness 10000) in paragraph at lines 9--1

 []


Underfull \hbox (badness 10000) in paragraph at lines 9--1

 []

[7]) (/Users/charleshiggins/PhD/WorkingFile/LASearch/Documents/Narrative/Sections/Abstraction.tex
Underfull \hbox (badness 10000) in paragraph at lines 9--27

 []


Underfull \hbox (badness 10000) in paragraph at lines 9--27

 []


Underfull \hbox (badness 10000) in paragraph at lines 9--27

 []


Underfull \hbox (badness 10000) in paragraph at lines 9--27

 []


Underfull \hbox (badness 10000) in paragraph at lines 9--27

 []


Underfull \hbox (badness 10000) in paragraph at lines 9--27

 []


Underfull \hbox (badness 10000) in paragraph at lines 9--27

 []


Underfull \hbox (badness 10000) in paragraph at lines 9--27

 []


Underfull \hbox (badness 10000) in paragraph at lines 9--27

 []

[8]
Underfull \hbox (badness 10000) in paragraph at lines 32--40

 []


Underfull \hbox (badness 10000) in paragraph at lines 32--40

 []


Underfull \hbox (badness 10000) in paragraph at lines 32--40

 []


Underfull \hbox (badness 10000) in paragraph at lines 46--51

 []


Underfull \hbox (badness 10000) in paragraph at lines 46--51

 []


Underfull \hbox (badness 10000) in paragraph at lines 54--60

 []


Underfull \hbox (badness 10000) in paragraph at lines 54--60

 []


LaTeX Warning: Citation `Albrecht_stone_2019' on page 9 undefined on input line 66.

[9])
No file Narrative_v1.bbl.
[10] (/Users/charleshiggins/PhD/WorkingFile/LASearch/Documents/Narrative/Narrative_v1.aux)

LaTeX Warning: There were undefined references.


LaTeX Warning: Label(s) may have changed. Rerun to get cross-references right.

 ) 
Here is how much of TeX's memory you used:
 492 strings out of 478994
 10310 string characters out of 5858184
 302312 words of memory out of 5000000
 18013 multiletter control sequences out of 15000+600000
 408366 words of font info for 43 fonts, out of 8000000 for 9000
 1141 hyphenation exceptions out of 8191
 53i,8n,60p,1197b,189s stack positions out of 5000i,500n,10000p,200000b,80000s
{/usr/local/texlive/2021/texmf-dist/fonts/enc/dvips/cm-super/cm-super-ts1.enc}</usr/local/texlive/2021/texmf-dist/fonts/type1/public/amsfonts/cm/cmbx10.pfb></usr/local/texlive/2021/texmf-dist/fonts/type1/public/amsfonts/cm/cmbx12.pfb></usr/local/texlive/2021/texmf-dist/fonts/type1/public/amsfonts/cm/cmmi10.pfb></usr/local/texlive/2021/texmf-dist/fonts/type1/public/amsfonts/cm/cmmi5.pfb></usr/local/texlive/2021/texmf-dist/fonts/type1/public/amsfonts/cm/cmmi7.pfb></usr/local/texlive/2021/texmf-dist/fonts/type1/public/amsfonts/cm/cmr10.pfb></usr/local/texlive/2021/texmf-dist/fonts/type1/public/amsfonts/cm/cmr12.pfb></usr/local/texlive/2021/texmf-dist/fonts/type1/public/amsfonts/cm/cmr17.pfb></usr/local/texlive/2021/texmf-dist/fonts/type1/public/amsfonts/cm/cmr6.pfb></usr/local/texlive/2021/texmf-dist/fonts/type1/public/amsfonts/cm/cmr7.pfb></usr/local/texlive/2021/texmf-dist/fonts/type1/public/amsfonts/cm/cmr8.pfb></usr/local/texlive/2021/texmf-dist/fonts/type1/public/amsfonts/cm/cmsy10.pfb></usr/local/texlive/2021/texmf-dist/fonts/type1/public/amsfonts/cm/cmsy7.pfb></usr/local/texlive/2021/texmf-dist/fonts/type1/public/amsfonts/cm/cmti10.pfb></usr/local/texlive/2021/texmf-dist/fonts/type1/public/cm-super/sfrm1000.pfb>
Output written on /Users/charleshiggins/PhD/WorkingFile/LASearch/Documents/Narrative/Narrative_v1.pdf (10 pages, 204421 bytes).
PDF statistics:
 98 PDF objects out of 1000 (max. 8388607)
 70 compressed objects within 1 object stream
 0 named destinations out of 1000 (max. 500000)
 1 words of extra memory for PDF output out of 10000 (max. 10000000)

